
11월 04, 2020 10:13:27.625 NEW SESSION
11월 04, 2020 10:13:27.625 [4780:4280:1104/101327.624:ERROR:page_load_metrics_update_dispatcher.cc(165)] Invalid first_paint 0.827 s for first_image_paint 0.815 s
11월 04, 2020 10:13:30.671 [4780:4280:1104/101330.671:ERROR:page_load_metrics_update_dispatcher.cc(165)] Invalid first_paint 0.827 s for first_image_paint 0.815 s
11월 04, 2020 10:13:31.837 [4780:4280:1104/101331.837:ERROR:page_load_metrics_update_dispatcher.cc(165)] Invalid first_paint (unset) for first_image_paint 0.037 s
11월 04, 2020 10:13:32.844 [4780:4280:1104/101332.843:ERROR:page_load_metrics_update_dispatcher.cc(165)] Invalid first_paint 0.05 s for first_image_paint 0.037 s
11월 04, 2020 10:16:48.263 [6516:6340:1104/101648.263:ERROR:page_load_metrics_update_dispatcher.cc(165)] Invalid first_paint 0.45 s for first_image_paint 0.438 s
11월 04, 2020 10:20:00.24 [6516:6340:1104/102000.024:ERROR:page_load_metrics_update_dispatcher.cc(165)] Invalid first_paint 0.45 s for first_image_paint 0.438 s
11월 04, 2020 10:26:46.747 [1104/102646.746:ERROR:directory_reader_win.cc(43)] FindFirstFile: 지정된 경로를 찾을 수 없습니다. (0x3)
11월 04, 2020 12:31:28.783 [1104/123128.783:ERROR:directory_reader_win.cc(43)] FindFirstFile: 지정된 경로를 찾을 수 없습니다. (0x3)
11월 04, 2020 13:13:38.804 [1104/131338.803:ERROR:directory_reader_win.cc(43)] FindFirstFile: 지정된 경로를 찾을 수 없습니다. (0x3)
11월 04, 2020 15:13:30.121 [1104/151330.121:ERROR:directory_reader_win.cc(43)] FindFirstFile: 지정된 경로를 찾을 수 없습니다. (0x3)
11월 04, 2020 15:34:14.527 [1104/153414.526:ERROR:directory_reader_win.cc(43)] FindFirstFile: 지정된 경로를 찾을 수 없습니다. (0x3)
11월 04, 2020 16:17:31.822 [1104/161731.821:ERROR:directory_reader_win.cc(43)] FindFirstFile: 지정된 경로를 찾을 수 없습니다. (0x3)
11월 04, 2020 17:50:11.141 [1104/175011.140:ERROR:directory_reader_win.cc(43)] FindFirstFile: 지정된 경로를 찾을 수 없습니다. (0x3)
11월 04, 2020 18:15:15.566 [1104/181515.566:ERROR:directory_reader_win.cc(43)] FindFirstFile: 지정된 경로를 찾을 수 없습니다. (0x3)

11월 05, 2020 10:16:24.531 NEW SESSION
11월 05, 2020 10:16:24.531 [1105/101624.530:ERROR:directory_reader_win.cc(43)] FindFirstFile: 지정된 경로를 찾을 수 없습니다. (0x3)
11월 05, 2020 12:06:52.697 [1105/120652.697:ERROR:directory_reader_win.cc(43)] FindFirstFile: 지정된 경로를 찾을 수 없습니다. (0x3)

11월 06, 2020 10:01:56.594 NEW SESSION
11월 06, 2020 10:01:56.594 [1106/100156.592:ERROR:directory_reader_win.cc(43)] FindFirstFile: 지정된 경로를 찾을 수 없습니다. (0x3)

11월 06, 2020 10:29:34.271 NEW SESSION
11월 06, 2020 10:29:34.271 [1106/102934.270:ERROR:directory_reader_win.cc(43)] FindFirstFile: 지정된 경로를 찾을 수 없습니다. (0x3)

11월 06, 2020 11:06:39.778 NEW SESSION
11월 06, 2020 11:06:39.778 [5472:7864:1106/110639.776:ERROR:mcs_client.cc(755)] Received close command, resetting connection.
11월 06, 2020 11:11:15.822 [1106/111115.822:ERROR:directory_reader_win.cc(43)] FindFirstFile: 지정된 경로를 찾을 수 없습니다. (0x3)
11월 06, 2020 11:27:52.333 [1106/112752.333:ERROR:directory_reader_win.cc(43)] FindFirstFile: 지정된 경로를 찾을 수 없습니다. (0x3)
11월 06, 2020 12:21:33.516 [1106/122133.516:ERROR:directory_reader_win.cc(43)] FindFirstFile: 지정된 경로를 찾을 수 없습니다. (0x3)
11월 06, 2020 13:09:06.803 [1106/130906.802:ERROR:directory_reader_win.cc(43)] FindFirstFile: 지정된 경로를 찾을 수 없습니다. (0x3)
11월 06, 2020 13:21:35.784 [1106/132135.784:ERROR:directory_reader_win.cc(43)] FindFirstFile: 지정된 경로를 찾을 수 없습니다. (0x3)

11월 06, 2020 17:39:01.225 NEW SESSION
11월 06, 2020 17:39:01.225 [1106/173901.224:ERROR:directory_reader_win.cc(43)] FindFirstFile: 지정된 경로를 찾을 수 없습니다. (0x3)

11월 07, 2020 10:00:01.885 NEW SESSION
11월 07, 2020 10:00:01.886 [1107/100001.884:ERROR:directory_reader_win.cc(43)] FindFirstFile: 지정된 경로를 찾을 수 없습니다. (0x3)
11월 07, 2020 12:17:52.173 [1107/121752.172:ERROR:directory_reader_win.cc(43)] FindFirstFile: 지정된 경로를 찾을 수 없습니다. (0x3)

11월 10, 2020 10:06:10.788 NEW SESSION
11월 10, 2020 10:06:10.788 [1110/100610.787:ERROR:directory_reader_win.cc(43)] FindFirstFile: 지정된 경로를 찾을 수 없습니다. (0x3)
11월 10, 2020 10:28:51.147 [1110/102851.147:ERROR:directory_reader_win.cc(43)] FindFirstFile: 지정된 경로를 찾을 수 없습니다. (0x3)
11월 10, 2020 11:39:33.356 [1110/113933.356:ERROR:directory_reader_win.cc(43)] FindFirstFile: 지정된 경로를 찾을 수 없습니다. (0x3)
11월 10, 2020 11:58:30.481 [1110/115830.481:ERROR:directory_reader_win.cc(43)] FindFirstFile: 지정된 경로를 찾을 수 없습니다. (0x3)
11월 10, 2020 12:48:36.122 [1110/124836.122:ERROR:directory_reader_win.cc(43)] FindFirstFile: 지정된 경로를 찾을 수 없습니다. (0x3)

11월 10, 2020 14:41:35.58 NEW SESSION
11월 10, 2020 14:41:35.58 [1110/144135.056:ERROR:directory_reader_win.cc(43)] FindFirstFile: 지정된 경로를 찾을 수 없습니다. (0x3)
11월 10, 2020 14:56:43.363 [1110/145643.363:ERROR:directory_reader_win.cc(43)] FindFirstFile: 지정된 경로를 찾을 수 없습니다. (0x3)

11월 11, 2020 09:47:13.389 NEW SESSION
11월 11, 2020 09:47:13.390 [1111/094713.388:ERROR:directory_reader_win.cc(43)] FindFirstFile: 지정된 경로를 찾을 수 없습니다. (0x3)

11월 11, 2020 10:54:25.883 NEW SESSION
11월 11, 2020 10:54:25.883 [1111/105425.882:ERROR:directory_reader_win.cc(43)] FindFirstFile: 지정된 경로를 찾을 수 없습니다. (0x3)
11월 11, 2020 11:11:44.540 [1111/111144.540:ERROR:directory_reader_win.cc(43)] FindFirstFile: 지정된 경로를 찾을 수 없습니다. (0x3)
11월 11, 2020 11:39:49.234 [1111/113949.234:ERROR:directory_reader_win.cc(43)] FindFirstFile: 지정된 경로를 찾을 수 없습니다. (0x3)
11월 11, 2020 12:05:04.725 [1111/120504.725:ERROR:directory_reader_win.cc(43)] FindFirstFile: 지정된 경로를 찾을 수 없습니다. (0x3)
11월 11, 2020 12:25:04.409 [1111/122504.409:ERROR:directory_reader_win.cc(43)] FindFirstFile: 지정된 경로를 찾을 수 없습니다. (0x3)
11월 11, 2020 12:48:19.590 [1111/124819.590:ERROR:directory_reader_win.cc(43)] FindFirstFile: 지정된 경로를 찾을 수 없습니다. (0x3)

11월 11, 2020 13:08:48.609 NEW SESSION
11월 11, 2020 13:08:48.609 [1111/130848.608:ERROR:directory_reader_win.cc(43)] FindFirstFile: 지정된 경로를 찾을 수 없습니다. (0x3)
11월 11, 2020 14:59:12.636 [1111/145912.636:ERROR:directory_reader_win.cc(43)] FindFirstFile: 지정된 경로를 찾을 수 없습니다. (0x3)
11월 11, 2020 17:22:12.312 [1111/172212.311:ERROR:directory_reader_win.cc(43)] FindFirstFile: 지정된 경로를 찾을 수 없습니다. (0x3)

11월 12, 2020 17:10:57.266 NEW SESSION
11월 12, 2020 17:10:57.267 [1112/171057.265:ERROR:directory_reader_win.cc(43)] FindFirstFile: 지정된 경로를 찾을 수 없습니다. (0x3)
11월 12, 2020 17:28:51.906 [1112/172851.905:ERROR:directory_reader_win.cc(43)] FindFirstFile: 지정된 경로를 찾을 수 없습니다. (0x3)

11월 16, 2020 09:53:58.669 NEW SESSION
11월 16, 2020 09:53:58.669 [1116/095358.668:ERROR:directory_reader_win.cc(43)] FindFirstFile: 지정된 경로를 찾을 수 없습니다. (0x3)
11월 16, 2020 10:59:22.308 [1116/105922.308:ERROR:directory_reader_win.cc(43)] FindFirstFile: 지정된 경로를 찾을 수 없습니다. (0x3)
11월 16, 2020 11:49:35.460 [1116/114935.460:ERROR:directory_reader_win.cc(43)] FindFirstFile: 지정된 경로를 찾을 수 없습니다. (0x3)
11월 16, 2020 12:15:13.904 [1116/121513.904:ERROR:directory_reader_win.cc(43)] FindFirstFile: 지정된 경로를 찾을 수 없습니다. (0x3)
11월 16, 2020 13:23:48.406 [1116/132348.406:ERROR:directory_reader_win.cc(43)] FindFirstFile: 지정된 경로를 찾을 수 없습니다. (0x3)
11월 16, 2020 16:44:19.274 [1116/164419.274:ERROR:directory_reader_win.cc(43)] FindFirstFile: 지정된 경로를 찾을 수 없습니다. (0x3)

11월 17, 2020 09:59:51.999 NEW SESSION
11월 17, 2020 09:59:51.999 [1117/095951.998:ERROR:directory_reader_win.cc(43)] FindFirstFile: 지정된 경로를 찾을 수 없습니다. (0x3)
11월 17, 2020 11:22:16.865 [1117/112216.865:ERROR:directory_reader_win.cc(43)] FindFirstFile: 지정된 경로를 찾을 수 없습니다. (0x3)
11월 17, 2020 12:14:58.467 [1117/121458.467:ERROR:directory_reader_win.cc(43)] FindFirstFile: 지정된 경로를 찾을 수 없습니다. (0x3)
11월 17, 2020 12:49:14.179 [1117/124914.179:ERROR:directory_reader_win.cc(43)] FindFirstFile: 지정된 경로를 찾을 수 없습니다. (0x3)
11월 17, 2020 13:22:29.71 [1117/132229.071:ERROR:directory_reader_win.cc(43)] FindFirstFile: 지정된 경로를 찾을 수 없습니다. (0x3)
11월 17, 2020 15:11:49.502 [1117/151149.502:ERROR:directory_reader_win.cc(43)] FindFirstFile: 지정된 경로를 찾을 수 없습니다. (0x3)
11월 17, 2020 15:57:04.451 [1117/155704.451:ERROR:directory_reader_win.cc(43)] FindFirstFile: 지정된 경로를 찾을 수 없습니다. (0x3)
11월 17, 2020 17:01:39.680 [1117/170139.679:ERROR:directory_reader_win.cc(43)] FindFirstFile: 지정된 경로를 찾을 수 없습니다. (0x3)

11월 18, 2020 10:26:36.08 NEW SESSION
11월 18, 2020 10:26:36.09 [1118/102636.003:ERROR:directory_reader_win.cc(43)] FindFirstFile: 지정된 경로를 찾을 수 없습니다. (0x3)
